Build started 2015/2/27 23:51:15.
     1>Project "C:\Users\JiaweiWang\Desktop\CIS660_PAM_Authoring_Tool\CIS660_PAM\CIS660_PAM\CIS660_PAM.vcxproj" on node 2 (Build target(s)).
     1>ClCompile:
         C:\Program Files (x86)\Microsoft Visual Studio 11.0\VC\bin\CL.exe /c /ZI /nologo /W3 /WX- /Od /Oy- /D _MBCS /Gm /EHsc /RTC1 /MDd /GS /fp:precise /Zc:wchar_t /Zc:forScope /Fo"Debug\\" /Fd"Debug\vc110.pdb" /Gd /TP /analyze- /errorReport:prompt HMeshParallelKit.cpp LogMap.cpp main.cpp
         main.cpp
     1>c:\users\jiaweiwang\desktop\cis660_pam_authoring_tool\cis660_pam\cis660_pam\main.cpp(15): fatal error C1083: Cannot open include file: 'unistd.h': No such file or directory
         LogMap.cpp
     1>c:\users\jiaweiwang\desktop\cis660_pam_authoring_tool\cis660_pam\cis660_pam\logmap.cpp(11): fatal error C1083: Cannot open include file: 'GEL/HMesh/curvature.h': No such file or directory
         HMeshParallelKit.cpp
     1>c:\users\jiaweiwang\desktop\cis660_pam_authoring_tool\cis660_pam\cis660_pam\hmeshparallelkit.h(26): fatal error C1083: Cannot open include file: 'GEL/HMesh/Manifold.h': No such file or directory
         Generating Code...
     1>Done Building Project "C:\Users\JiaweiWang\Desktop\CIS660_PAM_Authoring_Tool\CIS660_PAM\CIS660_PAM\CIS660_PAM.vcxproj" (Build target(s)) -- FAILED.

Build FAILED.

Time Elapsed 00:00:01.70
